[DEBUG][2017/03/10 17:02:18331][org.apache.ibatis.logging.LogFactory.setImplementation(LogFactory.java:135)]
Logging initialized using 'class org.apache.ibatis.logging.slf4j.Slf4jImpl' adapter.
[DEBUG][2017/03/10 17:02:18644][org.apache.ibatis.datasource.pooled.PooledDataSource.forceCloseAll(PooledDataSource.java:316)]
PooledDataSource forcefully closed/removed all connections.
[DEBUG][2017/03/10 17:02:18645][org.apache.ibatis.datasource.pooled.PooledDataSource.forceCloseAll(PooledDataSource.java:316)]
PooledDataSource forcefully closed/removed all connections.
[DEBUG][2017/03/10 17:02:18646][org.apache.ibatis.datasource.pooled.PooledDataSource.forceCloseAll(PooledDataSource.java:316)]
PooledDataSource forcefully closed/removed all connections.
[DEBUG][2017/03/10 17:02:18647][org.apache.ibatis.datasource.pooled.PooledDataSource.forceCloseAll(PooledDataSource.java:316)]
PooledDataSource forcefully closed/removed all connections.
[DEBUG][2017/03/10 17:02:18804][org.apache.ibatis.transaction.jdbc.JdbcTransaction.openConnection(JdbcTransaction.java:138)]
Opening JDBC Connection
[DEBUG][2017/03/10 17:02:20185][org.apache.ibatis.datasource.pooled.PooledDataSource.popConnection(PooledDataSource.java:387)]
Created connection 1413246829.
[DEBUG][2017/03/10 17:02:20186][org.apache.ibatis.transaction.jdbc.JdbcTransaction.setDesiredAutoCommit(JdbcTransaction.java:102)]
Setting autocommit to false on JDBC Connection [oracle.jdbc.driver.T4CConnection@543c6f6d]
[DEBUG][2017/03/10 17:02:20189][org.apache.ibatis.logging.jdbc.BaseJdbcLogger.debug(BaseJdbcLogger.java:145)]
==>  Preparing: INSERT INTO tb_employee (id, loginname, password, name, sex, age, phone, sal, state) VALUES (10, ?, ?, ?, ?, ?, ?, ?, ?) 
[DEBUG][2017/03/10 17:02:20570][org.apache.ibatis.logging.jdbc.BaseJdbcLogger.debug(BaseJdbcLogger.java:145)]
==> Parameters: mary(String), 123456(String), 玛丽(String), 女(String), 20(Integer), 13902019999(String), 9800.99(Double), ACTIVE(String)
[DEBUG][2017/03/10 17:02:20585][org.apache.ibatis.logging.jdbc.BaseJdbcLogger.debug(BaseJdbcLogger.java:145)]
<==    Updates: 1
[DEBUG][2017/03/10 17:07:20191][org.apache.ibatis.logging.LogFactory.setImplementation(LogFactory.java:135)]
Logging initialized using 'class org.apache.ibatis.logging.slf4j.Slf4jImpl' adapter.
[DEBUG][2017/03/10 17:07:20506][org.apache.ibatis.datasource.pooled.PooledDataSource.forceCloseAll(PooledDataSource.java:316)]
PooledDataSource forcefully closed/removed all connections.
[DEBUG][2017/03/10 17:07:20506][org.apache.ibatis.datasource.pooled.PooledDataSource.forceCloseAll(PooledDataSource.java:316)]
PooledDataSource forcefully closed/removed all connections.
[DEBUG][2017/03/10 17:07:20506][org.apache.ibatis.datasource.pooled.PooledDataSource.forceCloseAll(PooledDataSource.java:316)]
PooledDataSource forcefully closed/removed all connections.
[DEBUG][2017/03/10 17:07:20506][org.apache.ibatis.datasource.pooled.PooledDataSource.forceCloseAll(PooledDataSource.java:316)]
PooledDataSource forcefully closed/removed all connections.
[DEBUG][2017/03/10 17:07:20655][org.apache.ibatis.transaction.jdbc.JdbcTransaction.openConnection(JdbcTransaction.java:138)]
Opening JDBC Connection
[DEBUG][2017/03/10 17:07:21998][org.apache.ibatis.datasource.pooled.PooledDataSource.popConnection(PooledDataSource.java:387)]
Created connection 1413246829.
[DEBUG][2017/03/10 17:07:21998][org.apache.ibatis.transaction.jdbc.JdbcTransaction.setDesiredAutoCommit(JdbcTransaction.java:102)]
Setting autocommit to false on JDBC Connection [oracle.jdbc.driver.T4CConnection@543c6f6d]
[DEBUG][2017/03/10 17:07:21998][org.apache.ibatis.logging.jdbc.BaseJdbcLogger.debug(BaseJdbcLogger.java:145)]
==>  Preparing: INSERT INTO tb_employee (id, loginname, password, name, sex, age, phone, sal, state) VALUES (?, ?, ?, ?, ?, ?, ?, ?, ?) 
[DEBUG][2017/03/10 17:07:22230][org.apache.ibatis.logging.jdbc.BaseJdbcLogger.debug(BaseJdbcLogger.java:145)]
==> Parameters: 10(Integer), mary(String), 123456(String), 玛丽(String), 女(String), 20(Integer), 13902019999(String), 9800.99(Double), ACTIVE(String)
[DEBUG][2017/03/10 17:07:22246][org.apache.ibatis.logging.jdbc.BaseJdbcLogger.debug(BaseJdbcLogger.java:145)]
<==    Updates: 1
[DEBUG][2017/03/10 17:07:5713 ][org.apache.ibatis.logging.LogFactory.setImplementation(LogFactory.java:135)]
Logging initialized using 'class org.apache.ibatis.logging.slf4j.Slf4jImpl' adapter.
[DEBUG][2017/03/10 17:07:57321][org.apache.ibatis.datasource.pooled.PooledDataSource.forceCloseAll(PooledDataSource.java:316)]
PooledDataSource forcefully closed/removed all connections.
[DEBUG][2017/03/10 17:07:57321][org.apache.ibatis.datasource.pooled.PooledDataSource.forceCloseAll(PooledDataSource.java:316)]
PooledDataSource forcefully closed/removed all connections.
[DEBUG][2017/03/10 17:07:57321][org.apache.ibatis.datasource.pooled.PooledDataSource.forceCloseAll(PooledDataSource.java:316)]
PooledDataSource forcefully closed/removed all connections.
[DEBUG][2017/03/10 17:07:57321][org.apache.ibatis.datasource.pooled.PooledDataSource.forceCloseAll(PooledDataSource.java:316)]
PooledDataSource forcefully closed/removed all connections.
[DEBUG][2017/03/10 17:07:57461][org.apache.ibatis.transaction.jdbc.JdbcTransaction.openConnection(JdbcTransaction.java:138)]
Opening JDBC Connection
[DEBUG][2017/03/10 17:07:58854][org.apache.ibatis.datasource.pooled.PooledDataSource.popConnection(PooledDataSource.java:387)]
Created connection 603856241.
[DEBUG][2017/03/10 17:07:58870][org.apache.ibatis.transaction.jdbc.JdbcTransaction.setDesiredAutoCommit(JdbcTransaction.java:102)]
Setting autocommit to false on JDBC Connection [oracle.jdbc.driver.T4CConnection@23fe1d71]
[DEBUG][2017/03/10 17:07:58870][org.apache.ibatis.logging.jdbc.BaseJdbcLogger.debug(BaseJdbcLogger.java:145)]
==>  Preparing: INSERT INTO tb_employee (id, loginname, password, name, sex, age, phone, sal, state) VALUES (?, ?, ?, ?, ?, ?, ?, ?, ?) 
[DEBUG][2017/03/10 17:07:59122][org.apache.ibatis.logging.jdbc.BaseJdbcLogger.debug(BaseJdbcLogger.java:145)]
==> Parameters: 10(Integer), mary(String), 123456(String), 玛丽(String), 女(String), 20(Integer), 13902019999(String), 9800.99(Double), ACTIVE(String)
[DEBUG][2017/03/10 17:07:59138][org.apache.ibatis.logging.jdbc.BaseJdbcLogger.debug(BaseJdbcLogger.java:145)]
<==    Updates: 1
[DEBUG][2017/03/10 17:07:59138][org.apache.ibatis.transaction.jdbc.JdbcTransaction.commit(JdbcTransaction.java:71)]
Committing JDBC Connection [oracle.jdbc.driver.T4CConnection@23fe1d71]
[DEBUG][2017/03/10 17:07:59169][org.apache.ibatis.transaction.jdbc.JdbcTransaction.resetAutoCommit(JdbcTransaction.java:124)]
Resetting autocommit to true on JDBC Connection [oracle.jdbc.driver.T4CConnection@23fe1d71]
[DEBUG][2017/03/10 17:07:59169][org.apache.ibatis.transaction.jdbc.JdbcTransaction.close(JdbcTransaction.java:92)]
Closing JDBC Connection [oracle.jdbc.driver.T4CConnection@23fe1d71]
[DEBUG][2017/03/10 17:07:59169][org.apache.ibatis.datasource.pooled.PooledDataSource.pushConnection(PooledDataSource.java:344)]
Returned connection 603856241 to pool.
[DEBUG][2017/03/10 17:14:33114][org.apache.ibatis.logging.LogFactory.setImplementation(LogFactory.java:135)]
Logging initialized using 'class org.apache.ibatis.logging.slf4j.Slf4jImpl' adapter.
[DEBUG][2017/03/10 17:14:33405][org.apache.ibatis.datasource.pooled.PooledDataSource.forceCloseAll(PooledDataSource.java:316)]
PooledDataSource forcefully closed/removed all connections.
[DEBUG][2017/03/10 17:14:33405][org.apache.ibatis.datasource.pooled.PooledDataSource.forceCloseAll(PooledDataSource.java:316)]
PooledDataSource forcefully closed/removed all connections.
[DEBUG][2017/03/10 17:14:33421][org.apache.ibatis.datasource.pooled.PooledDataSource.forceCloseAll(PooledDataSource.java:316)]
PooledDataSource forcefully closed/removed all connections.
[DEBUG][2017/03/10 17:14:33421][org.apache.ibatis.datasource.pooled.PooledDataSource.forceCloseAll(PooledDataSource.java:316)]
PooledDataSource forcefully closed/removed all connections.
[DEBUG][2017/03/10 17:14:33577][org.apache.ibatis.transaction.jdbc.JdbcTransaction.openConnection(JdbcTransaction.java:138)]
Opening JDBC Connection
[DEBUG][2017/03/10 17:14:34914][org.apache.ibatis.datasource.pooled.PooledDataSource.popConnection(PooledDataSource.java:387)]
Created connection 1413246829.
[DEBUG][2017/03/10 17:14:34915][org.apache.ibatis.transaction.jdbc.JdbcTransaction.setDesiredAutoCommit(JdbcTransaction.java:102)]
Setting autocommit to false on JDBC Connection [oracle.jdbc.driver.T4CConnection@543c6f6d]
[DEBUG][2017/03/10 17:14:34918][org.apache.ibatis.logging.jdbc.BaseJdbcLogger.debug(BaseJdbcLogger.java:145)]
==>  Preparing: INSERT INTO tb_employee (id, loginname, password, name, sex, age, phone, sal, state) VALUES (tb_employee_sequence.nextval, ?, ?, ?, ?, ?, ?, ?, ?) 
[DEBUG][2017/03/10 17:14:35241][org.apache.ibatis.logging.jdbc.BaseJdbcLogger.debug(BaseJdbcLogger.java:145)]
==> Parameters: mary(String), 123456(String), 玛丽(String), 女(String), 20(Integer), 13902019999(String), 9800.99(Double), ACTIVE(String)
[DEBUG][2017/03/10 17:14:35257][org.apache.ibatis.logging.jdbc.BaseJdbcLogger.debug(BaseJdbcLogger.java:145)]
<==    Updates: 1
[DEBUG][2017/03/10 18:10:57467][org.apache.ibatis.logging.LogFactory.setImplementation(LogFactory.java:135)]
Logging initialized using 'class org.apache.ibatis.logging.slf4j.Slf4jImpl' adapter.
[DEBUG][2017/03/10 18:10:57819][org.apache.ibatis.datasource.pooled.PooledDataSource.forceCloseAll(PooledDataSource.java:316)]
PooledDataSource forcefully closed/removed all connections.
[DEBUG][2017/03/10 18:10:57820][org.apache.ibatis.datasource.pooled.PooledDataSource.forceCloseAll(PooledDataSource.java:316)]
PooledDataSource forcefully closed/removed all connections.
[DEBUG][2017/03/10 18:10:57821][org.apache.ibatis.datasource.pooled.PooledDataSource.forceCloseAll(PooledDataSource.java:316)]
PooledDataSource forcefully closed/removed all connections.
[DEBUG][2017/03/10 18:10:57822][org.apache.ibatis.datasource.pooled.PooledDataSource.forceCloseAll(PooledDataSource.java:316)]
PooledDataSource forcefully closed/removed all connections.
[DEBUG][2017/03/10 18:10:57969][org.apache.ibatis.transaction.jdbc.JdbcTransaction.openConnection(JdbcTransaction.java:138)]
Opening JDBC Connection
[DEBUG][2017/03/10 18:10:59719][org.apache.ibatis.datasource.pooled.PooledDataSource.popConnection(PooledDataSource.java:387)]
Created connection 1413246829.
[DEBUG][2017/03/10 18:10:59719][org.apache.ibatis.transaction.jdbc.JdbcTransaction.setDesiredAutoCommit(JdbcTransaction.java:102)]
Setting autocommit to false on JDBC Connection [oracle.jdbc.driver.T4CConnection@543c6f6d]
[DEBUG][2017/03/10 18:10:59719][org.apache.ibatis.logging.jdbc.BaseJdbcLogger.debug(BaseJdbcLogger.java:145)]
==>  Preparing: INSERT INTO tb_employee (id, loginname, password, name, sex, age, phone, sal, state) VALUES (tb_employee_sequence.nextval, ?, ?, ?, ?, ?, ?, ?, ?) 
[DEBUG][2017/03/10 18:11:00137][org.apache.ibatis.logging.jdbc.BaseJdbcLogger.debug(BaseJdbcLogger.java:145)]
==> Parameters: mary(String), 123456(String), 玛丽(String), 女(String), 20(Integer), 13902019999(String), 9800.99(Double), ACTIVE(String)
[DEBUG][2017/03/10 18:11:00147][org.apache.ibatis.logging.jdbc.BaseJdbcLogger.debug(BaseJdbcLogger.java:145)]
<==    Updates: 1
[DEBUG][2017/03/10 18:22:34293][org.apache.ibatis.logging.LogFactory.setImplementation(LogFactory.java:135)]
Logging initialized using 'class org.apache.ibatis.logging.slf4j.Slf4jImpl' adapter.
[DEBUG][2017/03/10 18:22:34609][org.apache.ibatis.datasource.pooled.PooledDataSource.forceCloseAll(PooledDataSource.java:316)]
PooledDataSource forcefully closed/removed all connections.
[DEBUG][2017/03/10 18:22:34610][org.apache.ibatis.datasource.pooled.PooledDataSource.forceCloseAll(PooledDataSource.java:316)]
PooledDataSource forcefully closed/removed all connections.
[DEBUG][2017/03/10 18:22:34610][org.apache.ibatis.datasource.pooled.PooledDataSource.forceCloseAll(PooledDataSource.java:316)]
PooledDataSource forcefully closed/removed all connections.
[DEBUG][2017/03/10 18:22:34615][org.apache.ibatis.datasource.pooled.PooledDataSource.forceCloseAll(PooledDataSource.java:316)]
PooledDataSource forcefully closed/removed all connections.
[DEBUG][2017/03/10 18:22:34760][org.apache.ibatis.transaction.jdbc.JdbcTransaction.openConnection(JdbcTransaction.java:138)]
Opening JDBC Connection
[DEBUG][2017/03/10 18:22:36145][org.apache.ibatis.datasource.pooled.PooledDataSource.popConnection(PooledDataSource.java:387)]
Created connection 1413246829.
[DEBUG][2017/03/10 18:22:36145][org.apache.ibatis.transaction.jdbc.JdbcTransaction.setDesiredAutoCommit(JdbcTransaction.java:102)]
Setting autocommit to false on JDBC Connection [oracle.jdbc.driver.T4CConnection@543c6f6d]
[DEBUG][2017/03/10 18:22:36145][org.apache.ibatis.logging.jdbc.BaseJdbcLogger.debug(BaseJdbcLogger.java:145)]
==>  Preparing: INSERT INTO tb_employee (id, loginname, password, name, sex, age, phone, sal, state) VALUES (tb_employee_sequence.nextval, ?, ?, ?, ?, ?, ?, ?, ?) 
[DEBUG][2017/03/10 18:22:36369][org.apache.ibatis.logging.jdbc.BaseJdbcLogger.debug(BaseJdbcLogger.java:145)]
==> Parameters: mary(String), 123456(String), 玛丽(String), 女(String), 20(Integer), 13902019999(String), 9800.99(Double), ACTIVE(String)
[DEBUG][2017/03/10 18:22:36489][org.apache.ibatis.logging.jdbc.BaseJdbcLogger.debug(BaseJdbcLogger.java:145)]
<==    Updates: 1
[DEBUG][2017/03/10 18:23:37241][org.apache.ibatis.logging.LogFactory.setImplementation(LogFactory.java:135)]
Logging initialized using 'class org.apache.ibatis.logging.slf4j.Slf4jImpl' adapter.
[DEBUG][2017/03/10 18:23:37542][org.apache.ibatis.datasource.pooled.PooledDataSource.forceCloseAll(PooledDataSource.java:316)]
PooledDataSource forcefully closed/removed all connections.
[DEBUG][2017/03/10 18:23:37543][org.apache.ibatis.datasource.pooled.PooledDataSource.forceCloseAll(PooledDataSource.java:316)]
PooledDataSource forcefully closed/removed all connections.
[DEBUG][2017/03/10 18:23:37543][org.apache.ibatis.datasource.pooled.PooledDataSource.forceCloseAll(PooledDataSource.java:316)]
PooledDataSource forcefully closed/removed all connections.
[DEBUG][2017/03/10 18:23:37543][org.apache.ibatis.datasource.pooled.PooledDataSource.forceCloseAll(PooledDataSource.java:316)]
PooledDataSource forcefully closed/removed all connections.
[DEBUG][2017/03/10 18:23:37685][org.apache.ibatis.transaction.jdbc.JdbcTransaction.openConnection(JdbcTransaction.java:138)]
Opening JDBC Connection
[DEBUG][2017/03/10 18:23:3946 ][org.apache.ibatis.datasource.pooled.PooledDataSource.popConnection(PooledDataSource.java:387)]
Created connection 1413246829.
[DEBUG][2017/03/10 18:23:3947 ][org.apache.ibatis.transaction.jdbc.JdbcTransaction.setDesiredAutoCommit(JdbcTransaction.java:102)]
Setting autocommit to false on JDBC Connection [oracle.jdbc.driver.T4CConnection@543c6f6d]
[DEBUG][2017/03/10 18:23:3950 ][org.apache.ibatis.logging.jdbc.BaseJdbcLogger.debug(BaseJdbcLogger.java:145)]
==>  Preparing: INSERT INTO tb_employee (id, loginname, password, name, sex, age, phone, sal, state) VALUES (tb_employee_sequence.nextval, ?, ?, ?, ?, ?, ?, ?, ?) 
[DEBUG][2017/03/10 18:23:39424][org.apache.ibatis.logging.jdbc.BaseJdbcLogger.debug(BaseJdbcLogger.java:145)]
==> Parameters: mary(String), 123456(String), 玛丽(String), 女(String), 20(Integer), 13902019999(String), 9800.99(Double), ACTIVE(String)
[DEBUG][2017/03/10 18:23:39439][org.apache.ibatis.logging.jdbc.BaseJdbcLogger.debug(BaseJdbcLogger.java:145)]
<==    Updates: 1
[DEBUG][2017/03/10 18:28:58324][org.apache.ibatis.logging.LogFactory.setImplementation(LogFactory.java:135)]
Logging initialized using 'class org.apache.ibatis.logging.slf4j.Slf4jImpl' adapter.
[DEBUG][2017/03/10 18:28:58673][org.apache.ibatis.datasource.pooled.PooledDataSource.forceCloseAll(PooledDataSource.java:316)]
PooledDataSource forcefully closed/removed all connections.
[DEBUG][2017/03/10 18:28:58673][org.apache.ibatis.datasource.pooled.PooledDataSource.forceCloseAll(PooledDataSource.java:316)]
PooledDataSource forcefully closed/removed all connections.
[DEBUG][2017/03/10 18:28:58674][org.apache.ibatis.datasource.pooled.PooledDataSource.forceCloseAll(PooledDataSource.java:316)]
PooledDataSource forcefully closed/removed all connections.
[DEBUG][2017/03/10 18:28:58675][org.apache.ibatis.datasource.pooled.PooledDataSource.forceCloseAll(PooledDataSource.java:316)]
PooledDataSource forcefully closed/removed all connections.
[DEBUG][2017/03/10 18:28:58829][org.apache.ibatis.transaction.jdbc.JdbcTransaction.openConnection(JdbcTransaction.java:138)]
Opening JDBC Connection
[DEBUG][2017/03/10 18:29:00820][org.apache.ibatis.datasource.pooled.PooledDataSource.popConnection(PooledDataSource.java:387)]
Created connection 1413246829.
[DEBUG][2017/03/10 18:29:00821][org.apache.ibatis.transaction.jdbc.JdbcTransaction.setDesiredAutoCommit(JdbcTransaction.java:102)]
Setting autocommit to false on JDBC Connection [oracle.jdbc.driver.T4CConnection@543c6f6d]
[DEBUG][2017/03/10 18:29:00825][org.apache.ibatis.logging.jdbc.BaseJdbcLogger.debug(BaseJdbcLogger.java:145)]
==>  Preparing: INSERT INTO tb_employee (id, loginname, password, name, sex, age, phone, sal, state) VALUES (tb_employee_sequence.nextval, ?, ?, ?, ?, ?, ?, ?, ?) 
[DEBUG][2017/03/10 18:29:01146][org.apache.ibatis.logging.jdbc.BaseJdbcLogger.debug(BaseJdbcLogger.java:145)]
==> Parameters: mary(String), 123456(String), 玛丽(String), 女(String), 20(Integer), 13902019999(String), 9800.99(Double), ACTIVE(String)
[DEBUG][2017/03/10 18:29:01156][org.apache.ibatis.logging.jdbc.BaseJdbcLogger.debug(BaseJdbcLogger.java:145)]
<==    Updates: 1
[DEBUG][2017/03/10 18:36:25481][org.apache.ibatis.logging.LogFactory.setImplementation(LogFactory.java:135)]
Logging initialized using 'class org.apache.ibatis.logging.slf4j.Slf4jImpl' adapter.
[DEBUG][2017/03/10 18:36:25786][org.apache.ibatis.datasource.pooled.PooledDataSource.forceCloseAll(PooledDataSource.java:316)]
PooledDataSource forcefully closed/removed all connections.
[DEBUG][2017/03/10 18:36:25786][org.apache.ibatis.datasource.pooled.PooledDataSource.forceCloseAll(PooledDataSource.java:316)]
PooledDataSource forcefully closed/removed all connections.
[DEBUG][2017/03/10 18:36:25786][org.apache.ibatis.datasource.pooled.PooledDataSource.forceCloseAll(PooledDataSource.java:316)]
PooledDataSource forcefully closed/removed all connections.
[DEBUG][2017/03/10 18:36:25786][org.apache.ibatis.datasource.pooled.PooledDataSource.forceCloseAll(PooledDataSource.java:316)]
PooledDataSource forcefully closed/removed all connections.
[DEBUG][2017/03/10 18:36:25926][org.apache.ibatis.transaction.jdbc.JdbcTransaction.openConnection(JdbcTransaction.java:138)]
Opening JDBC Connection
[DEBUG][2017/03/10 18:36:27313][org.apache.ibatis.datasource.pooled.PooledDataSource.popConnection(PooledDataSource.java:387)]
Created connection 1413246829.
[DEBUG][2017/03/10 18:36:27314][org.apache.ibatis.transaction.jdbc.JdbcTransaction.setDesiredAutoCommit(JdbcTransaction.java:102)]
Setting autocommit to false on JDBC Connection [oracle.jdbc.driver.T4CConnection@543c6f6d]
[DEBUG][2017/03/10 18:36:27318][org.apache.ibatis.logging.jdbc.BaseJdbcLogger.debug(BaseJdbcLogger.java:145)]
==>  Preparing: INSERT INTO tb_employee (id, loginname, password, name, sex, age, phone, sal, state) VALUES (tb_employee_sequence.nextval, ?, ?, ?, ?, ?, ?, ?, ?) 
[DEBUG][2017/03/10 18:36:27644][org.apache.ibatis.logging.jdbc.BaseJdbcLogger.debug(BaseJdbcLogger.java:145)]
==> Parameters: mary(String), 123456(String), 玛丽(String), 女(String), 20(Integer), 13902019999(String), 9800.99(Double), ACTIVE(String)
[DEBUG][2017/03/10 18:36:27718][org.apache.ibatis.logging.jdbc.BaseJdbcLogger.debug(BaseJdbcLogger.java:145)]
<==    Updates: 1
[DEBUG][2017/03/10 18:36:27734][org.apache.ibatis.transaction.jdbc.JdbcTransaction.commit(JdbcTransaction.java:71)]
Committing JDBC Connection [oracle.jdbc.driver.T4CConnection@543c6f6d]
[DEBUG][2017/03/10 18:36:27738][org.apache.ibatis.transaction.jdbc.JdbcTransaction.resetAutoCommit(JdbcTransaction.java:124)]
Resetting autocommit to true on JDBC Connection [oracle.jdbc.driver.T4CConnection@543c6f6d]
[DEBUG][2017/03/10 18:36:27740][org.apache.ibatis.transaction.jdbc.JdbcTransaction.close(JdbcTransaction.java:92)]
Closing JDBC Connection [oracle.jdbc.driver.T4CConnection@543c6f6d]
[DEBUG][2017/03/10 18:36:27740][org.apache.ibatis.datasource.pooled.PooledDataSource.pushConnection(PooledDataSource.java:344)]
Returned connection 1413246829 to pool.
[DEBUG][2017/03/10 18:43:49890][org.apache.ibatis.logging.LogFactory.setImplementation(LogFactory.java:135)]
Logging initialized using 'class org.apache.ibatis.logging.slf4j.Slf4jImpl' adapter.
[DEBUG][2017/03/10 18:43:50210][org.apache.ibatis.datasource.pooled.PooledDataSource.forceCloseAll(PooledDataSource.java:316)]
PooledDataSource forcefully closed/removed all connections.
[DEBUG][2017/03/10 18:43:50211][org.apache.ibatis.datasource.pooled.PooledDataSource.forceCloseAll(PooledDataSource.java:316)]
PooledDataSource forcefully closed/removed all connections.
[DEBUG][2017/03/10 18:43:50212][org.apache.ibatis.datasource.pooled.PooledDataSource.forceCloseAll(PooledDataSource.java:316)]
PooledDataSource forcefully closed/removed all connections.
[DEBUG][2017/03/10 18:43:50212][org.apache.ibatis.datasource.pooled.PooledDataSource.forceCloseAll(PooledDataSource.java:316)]
PooledDataSource forcefully closed/removed all connections.
[DEBUG][2017/03/10 18:43:50349][org.apache.ibatis.transaction.jdbc.JdbcTransaction.openConnection(JdbcTransaction.java:138)]
Opening JDBC Connection
[DEBUG][2017/03/10 18:43:51899][org.apache.ibatis.datasource.pooled.PooledDataSource.popConnection(PooledDataSource.java:387)]
Created connection 1413246829.
[DEBUG][2017/03/10 18:43:51899][org.apache.ibatis.transaction.jdbc.JdbcTransaction.setDesiredAutoCommit(JdbcTransaction.java:102)]
Setting autocommit to false on JDBC Connection [oracle.jdbc.driver.T4CConnection@543c6f6d]
[DEBUG][2017/03/10 18:43:51902][org.apache.ibatis.logging.jdbc.BaseJdbcLogger.debug(BaseJdbcLogger.java:145)]
==>  Preparing: INSERT INTO tb_employee (id, loginname, password, name, sex, age, phone, sal, state) VALUES (tb_employee_sequence.nextval, ?, ?, ?, ?, ?, ?, ?, ?) 
[DEBUG][2017/03/10 18:43:52144][org.apache.ibatis.logging.jdbc.BaseJdbcLogger.debug(BaseJdbcLogger.java:145)]
==> Parameters: mary(String), 123456(String), 玛丽(String), 女(String), 20(Integer), 13902019999(String), 9800.99(Double), ACTIVE(String)
[DEBUG][2017/03/10 18:43:52152][org.apache.ibatis.logging.jdbc.BaseJdbcLogger.debug(BaseJdbcLogger.java:145)]
<==    Updates: 1
[DEBUG][2017/03/10 18:43:52159][org.apache.ibatis.transaction.jdbc.JdbcTransaction.commit(JdbcTransaction.java:71)]
Committing JDBC Connection [oracle.jdbc.driver.T4CConnection@543c6f6d]
[DEBUG][2017/03/10 18:43:52167][org.apache.ibatis.transaction.jdbc.JdbcTransaction.resetAutoCommit(JdbcTransaction.java:124)]
Resetting autocommit to true on JDBC Connection [oracle.jdbc.driver.T4CConnection@543c6f6d]
[DEBUG][2017/03/10 18:43:52168][org.apache.ibatis.transaction.jdbc.JdbcTransaction.close(JdbcTransaction.java:92)]
Closing JDBC Connection [oracle.jdbc.driver.T4CConnection@543c6f6d]
[DEBUG][2017/03/10 18:43:52169][org.apache.ibatis.datasource.pooled.PooledDataSource.pushConnection(PooledDataSource.java:344)]
Returned connection 1413246829 to pool.
[DEBUG][2017/03/10 19:23:58200][org.apache.ibatis.logging.LogFactory.setImplementation(LogFactory.java:135)]
Logging initialized using 'class org.apache.ibatis.logging.slf4j.Slf4jImpl' adapter.
[DEBUG][2017/03/10 19:23:58601][org.apache.ibatis.datasource.pooled.PooledDataSource.forceCloseAll(PooledDataSource.java:316)]
PooledDataSource forcefully closed/removed all connections.
[DEBUG][2017/03/10 19:23:58602][org.apache.ibatis.datasource.pooled.PooledDataSource.forceCloseAll(PooledDataSource.java:316)]
PooledDataSource forcefully closed/removed all connections.
[DEBUG][2017/03/10 19:23:58602][org.apache.ibatis.datasource.pooled.PooledDataSource.forceCloseAll(PooledDataSource.java:316)]
PooledDataSource forcefully closed/removed all connections.
[DEBUG][2017/03/10 19:23:58602][org.apache.ibatis.datasource.pooled.PooledDataSource.forceCloseAll(PooledDataSource.java:316)]
PooledDataSource forcefully closed/removed all connections.
[DEBUG][2017/03/10 19:26:51335][org.apache.ibatis.logging.LogFactory.setImplementation(LogFactory.java:135)]
Logging initialized using 'class org.apache.ibatis.logging.slf4j.Slf4jImpl' adapter.
[DEBUG][2017/03/10 19:26:51653][org.apache.ibatis.datasource.pooled.PooledDataSource.forceCloseAll(PooledDataSource.java:316)]
PooledDataSource forcefully closed/removed all connections.
[DEBUG][2017/03/10 19:26:51654][org.apache.ibatis.datasource.pooled.PooledDataSource.forceCloseAll(PooledDataSource.java:316)]
PooledDataSource forcefully closed/removed all connections.
[DEBUG][2017/03/10 19:26:51654][org.apache.ibatis.datasource.pooled.PooledDataSource.forceCloseAll(PooledDataSource.java:316)]
PooledDataSource forcefully closed/removed all connections.
[DEBUG][2017/03/10 19:26:51655][org.apache.ibatis.datasource.pooled.PooledDataSource.forceCloseAll(PooledDataSource.java:316)]
PooledDataSource forcefully closed/removed all connections.
[DEBUG][2017/03/10 19:26:51853][org.apache.ibatis.transaction.jdbc.JdbcTransaction.openConnection(JdbcTransaction.java:138)]
Opening JDBC Connection
[DEBUG][2017/03/10 19:26:53405][org.apache.ibatis.datasource.pooled.PooledDataSource.popConnection(PooledDataSource.java:387)]
Created connection 949057310.
[DEBUG][2017/03/10 19:26:53406][org.apache.ibatis.transaction.jdbc.JdbcTransaction.setDesiredAutoCommit(JdbcTransaction.java:102)]
Setting autocommit to false on JDBC Connection [oracle.jdbc.driver.T4CConnection@3891771e]
[DEBUG][2017/03/10 19:26:53410][org.apache.ibatis.logging.jdbc.BaseJdbcLogger.debug(BaseJdbcLogger.java:145)]
==>  Preparing: SELECT * FROM tb_employee WHERE (id = ?) 
[DEBUG][2017/03/10 19:26:53666][org.apache.ibatis.logging.jdbc.BaseJdbcLogger.debug(BaseJdbcLogger.java:145)]
==> Parameters: 5(Integer)
[DEBUG][2017/03/10 19:26:55621][org.apache.ibatis.logging.jdbc.BaseJdbcLogger.debug(BaseJdbcLogger.java:145)]
<==      Total: 1
[DEBUG][2017/03/10 19:26:55623][org.apache.ibatis.logging.jdbc.BaseJdbcLogger.debug(BaseJdbcLogger.java:145)]
==>  Preparing: UPDATE tb_employee SET loginname = ?, password = ?, name = ?, sex = ?, age = ?, phone = ?, sal = ?, state = ? WHERE (id = ?) 
[DEBUG][2017/03/10 19:26:55624][org.apache.ibatis.logging.jdbc.BaseJdbcLogger.debug(BaseJdbcLogger.java:145)]
==> Parameters: update(String), fkjava(String), 测试(String), 女(String), 20(Integer), 13902019999(String), 9800.99(Double), ACTIVE(String), 5(Integer)
[DEBUG][2017/03/10 19:26:58607][org.apache.ibatis.logging.jdbc.BaseJdbcLogger.debug(BaseJdbcLogger.java:145)]
<==    Updates: 1
[DEBUG][2017/03/10 19:26:58609][org.apache.ibatis.transaction.jdbc.JdbcTransaction.commit(JdbcTransaction.java:71)]
Committing JDBC Connection [oracle.jdbc.driver.T4CConnection@3891771e]
[DEBUG][2017/03/10 19:26:58613][org.apache.ibatis.transaction.jdbc.JdbcTransaction.resetAutoCommit(JdbcTransaction.java:124)]
Resetting autocommit to true on JDBC Connection [oracle.jdbc.driver.T4CConnection@3891771e]
[DEBUG][2017/03/10 19:26:58618][org.apache.ibatis.transaction.jdbc.JdbcTransaction.close(JdbcTransaction.java:92)]
Closing JDBC Connection [oracle.jdbc.driver.T4CConnection@3891771e]
[DEBUG][2017/03/10 19:26:58619][org.apache.ibatis.datasource.pooled.PooledDataSource.pushConnection(PooledDataSource.java:344)]
Returned connection 949057310 to pool.
[DEBUG][2017/03/10 20:27:5413 ][org.apache.ibatis.logging.LogFactory.setImplementation(LogFactory.java:135)]
Logging initialized using 'class org.apache.ibatis.logging.slf4j.Slf4jImpl' adapter.
[DEBUG][2017/03/10 20:27:54338][org.apache.ibatis.datasource.pooled.PooledDataSource.forceCloseAll(PooledDataSource.java:316)]
PooledDataSource forcefully closed/removed all connections.
[DEBUG][2017/03/10 20:27:54344][org.apache.ibatis.datasource.pooled.PooledDataSource.forceCloseAll(PooledDataSource.java:316)]
PooledDataSource forcefully closed/removed all connections.
[DEBUG][2017/03/10 20:27:54345][org.apache.ibatis.datasource.pooled.PooledDataSource.forceCloseAll(PooledDataSource.java:316)]
PooledDataSource forcefully closed/removed all connections.
[DEBUG][2017/03/10 20:27:54346][org.apache.ibatis.datasource.pooled.PooledDataSource.forceCloseAll(PooledDataSource.java:316)]
PooledDataSource forcefully closed/removed all connections.
[DEBUG][2017/03/10 20:27:54544][org.apache.ibatis.transaction.jdbc.JdbcTransaction.openConnection(JdbcTransaction.java:138)]
Opening JDBC Connection
[DEBUG][2017/03/10 20:27:55993][org.apache.ibatis.datasource.pooled.PooledDataSource.popConnection(PooledDataSource.java:387)]
Created connection 1971851377.
[DEBUG][2017/03/10 20:27:55993][org.apache.ibatis.transaction.jdbc.JdbcTransaction.setDesiredAutoCommit(JdbcTransaction.java:102)]
Setting autocommit to false on JDBC Connection [oracle.jdbc.driver.T4CConnection@75881071]
[DEBUG][2017/03/10 20:27:55998][org.apache.ibatis.logging.jdbc.BaseJdbcLogger.debug(BaseJdbcLogger.java:145)]
==>  Preparing: DELETE FROM tb_employee WHERE (loginname = ? AND password = ?) 
[DEBUG][2017/03/10 20:27:56296][org.apache.ibatis.logging.jdbc.BaseJdbcLogger.debug(BaseJdbcLogger.java:145)]
==> Parameters: jack(String), 123456(String)
[DEBUG][2017/03/10 20:27:56435][org.apache.ibatis.logging.jdbc.BaseJdbcLogger.debug(BaseJdbcLogger.java:145)]
<==    Updates: 0
[DEBUG][2017/03/10 20:27:56436][org.apache.ibatis.transaction.jdbc.JdbcTransaction.commit(JdbcTransaction.java:71)]
Committing JDBC Connection [oracle.jdbc.driver.T4CConnection@75881071]
[DEBUG][2017/03/10 20:27:56438][org.apache.ibatis.transaction.jdbc.JdbcTransaction.resetAutoCommit(JdbcTransaction.java:124)]
Resetting autocommit to true on JDBC Connection [oracle.jdbc.driver.T4CConnection@75881071]
[DEBUG][2017/03/10 20:27:56439][org.apache.ibatis.transaction.jdbc.JdbcTransaction.close(JdbcTransaction.java:92)]
Closing JDBC Connection [oracle.jdbc.driver.T4CConnection@75881071]
[DEBUG][2017/03/10 20:27:56440][org.apache.ibatis.datasource.pooled.PooledDataSource.pushConnection(PooledDataSource.java:344)]
Returned connection 1971851377 to pool.
[DEBUG][2017/03/10 20:29:15596][org.apache.ibatis.logging.LogFactory.setImplementation(LogFactory.java:135)]
Logging initialized using 'class org.apache.ibatis.logging.slf4j.Slf4jImpl' adapter.
[DEBUG][2017/03/10 20:29:15928][org.apache.ibatis.datasource.pooled.PooledDataSource.forceCloseAll(PooledDataSource.java:316)]
PooledDataSource forcefully closed/removed all connections.
[DEBUG][2017/03/10 20:29:15929][org.apache.ibatis.datasource.pooled.PooledDataSource.forceCloseAll(PooledDataSource.java:316)]
PooledDataSource forcefully closed/removed all connections.
[DEBUG][2017/03/10 20:29:15930][org.apache.ibatis.datasource.pooled.PooledDataSource.forceCloseAll(PooledDataSource.java:316)]
PooledDataSource forcefully closed/removed all connections.
[DEBUG][2017/03/10 20:29:15931][org.apache.ibatis.datasource.pooled.PooledDataSource.forceCloseAll(PooledDataSource.java:316)]
PooledDataSource forcefully closed/removed all connections.
[DEBUG][2017/03/10 20:29:16128][org.apache.ibatis.transaction.jdbc.JdbcTransaction.openConnection(JdbcTransaction.java:138)]
Opening JDBC Connection
[DEBUG][2017/03/10 20:29:17823][org.apache.ibatis.datasource.pooled.PooledDataSource.popConnection(PooledDataSource.java:387)]
Created connection 1971851377.
[DEBUG][2017/03/10 20:29:17824][org.apache.ibatis.transaction.jdbc.JdbcTransaction.setDesiredAutoCommit(JdbcTransaction.java:102)]
Setting autocommit to false on JDBC Connection [oracle.jdbc.driver.T4CConnection@75881071]
[DEBUG][2017/03/10 20:29:17828][org.apache.ibatis.logging.jdbc.BaseJdbcLogger.debug(BaseJdbcLogger.java:145)]
==>  Preparing: DELETE FROM tb_employee WHERE (loginname = ? AND password = ?) 
[DEBUG][2017/03/10 20:29:1856 ][org.apache.ibatis.logging.jdbc.BaseJdbcLogger.debug(BaseJdbcLogger.java:145)]
==> Parameters: jack(String), 123456(String)
[DEBUG][2017/03/10 20:29:1865 ][org.apache.ibatis.logging.jdbc.BaseJdbcLogger.debug(BaseJdbcLogger.java:145)]
<==    Updates: 0
[DEBUG][2017/03/10 20:29:1866 ][org.apache.ibatis.transaction.jdbc.JdbcTransaction.commit(JdbcTransaction.java:71)]
Committing JDBC Connection [oracle.jdbc.driver.T4CConnection@75881071]
[DEBUG][2017/03/10 20:29:1868 ][org.apache.ibatis.transaction.jdbc.JdbcTransaction.resetAutoCommit(JdbcTransaction.java:124)]
Resetting autocommit to true on JDBC Connection [oracle.jdbc.driver.T4CConnection@75881071]
[DEBUG][2017/03/10 20:29:1869 ][org.apache.ibatis.transaction.jdbc.JdbcTransaction.close(JdbcTransaction.java:92)]
Closing JDBC Connection [oracle.jdbc.driver.T4CConnection@75881071]
[DEBUG][2017/03/10 20:29:1870 ][org.apache.ibatis.datasource.pooled.PooledDataSource.pushConnection(PooledDataSource.java:344)]
Returned connection 1971851377 to pool.
[DEBUG][2017/03/10 20:34:46162][org.apache.ibatis.logging.LogFactory.setImplementation(LogFactory.java:135)]
Logging initialized using 'class org.apache.ibatis.logging.slf4j.Slf4jImpl' adapter.
[DEBUG][2017/03/10 20:34:46607][org.apache.ibatis.datasource.pooled.PooledDataSource.forceCloseAll(PooledDataSource.java:316)]
PooledDataSource forcefully closed/removed all connections.
[DEBUG][2017/03/10 20:34:46608][org.apache.ibatis.datasource.pooled.PooledDataSource.forceCloseAll(PooledDataSource.java:316)]
PooledDataSource forcefully closed/removed all connections.
[DEBUG][2017/03/10 20:34:46609][org.apache.ibatis.datasource.pooled.PooledDataSource.forceCloseAll(PooledDataSource.java:316)]
PooledDataSource forcefully closed/removed all connections.
[DEBUG][2017/03/10 20:34:46610][org.apache.ibatis.datasource.pooled.PooledDataSource.forceCloseAll(PooledDataSource.java:316)]
PooledDataSource forcefully closed/removed all connections.
[DEBUG][2017/03/10 20:34:46824][org.apache.ibatis.transaction.jdbc.JdbcTransaction.openConnection(JdbcTransaction.java:138)]
Opening JDBC Connection
[DEBUG][2017/03/10 20:34:48412][org.apache.ibatis.datasource.pooled.PooledDataSource.popConnection(PooledDataSource.java:387)]
Created connection 1971851377.
[DEBUG][2017/03/10 20:34:48413][org.apache.ibatis.transaction.jdbc.JdbcTransaction.setDesiredAutoCommit(JdbcTransaction.java:102)]
Setting autocommit to false on JDBC Connection [oracle.jdbc.driver.T4CConnection@75881071]
[DEBUG][2017/03/10 20:34:48417][org.apache.ibatis.logging.jdbc.BaseJdbcLogger.debug(BaseJdbcLogger.java:145)]
==>  Preparing: DELETE FROM tb_employee WHERE (loginname = ? AND password = ?) 
[DEBUG][2017/03/10 20:34:48594][org.apache.ibatis.logging.jdbc.BaseJdbcLogger.debug(BaseJdbcLogger.java:145)]
==> Parameters: jack(String), 123456(String)
[DEBUG][2017/03/10 20:34:48600][org.apache.ibatis.logging.jdbc.BaseJdbcLogger.debug(BaseJdbcLogger.java:145)]
<==    Updates: 0
[DEBUG][2017/03/10 20:34:48600][org.apache.ibatis.transaction.jdbc.JdbcTransaction.commit(JdbcTransaction.java:71)]
Committing JDBC Connection [oracle.jdbc.driver.T4CConnection@75881071]
[DEBUG][2017/03/10 20:34:48602][org.apache.ibatis.transaction.jdbc.JdbcTransaction.resetAutoCommit(JdbcTransaction.java:124)]
Resetting autocommit to true on JDBC Connection [oracle.jdbc.driver.T4CConnection@75881071]
[DEBUG][2017/03/10 20:34:48603][org.apache.ibatis.transaction.jdbc.JdbcTransaction.close(JdbcTransaction.java:92)]
Closing JDBC Connection [oracle.jdbc.driver.T4CConnection@75881071]
[DEBUG][2017/03/10 20:34:48603][org.apache.ibatis.datasource.pooled.PooledDataSource.pushConnection(PooledDataSource.java:344)]
Returned connection 1971851377 to pool.
[DEBUG][2017/03/10 20:38:19546][org.apache.ibatis.logging.LogFactory.setImplementation(LogFactory.java:135)]
Logging initialized using 'class org.apache.ibatis.logging.slf4j.Slf4jImpl' adapter.
[DEBUG][2017/03/10 20:38:19889][org.apache.ibatis.datasource.pooled.PooledDataSource.forceCloseAll(PooledDataSource.java:316)]
PooledDataSource forcefully closed/removed all connections.
[DEBUG][2017/03/10 20:38:19890][org.apache.ibatis.datasource.pooled.PooledDataSource.forceCloseAll(PooledDataSource.java:316)]
PooledDataSource forcefully closed/removed all connections.
[DEBUG][2017/03/10 20:38:19891][org.apache.ibatis.datasource.pooled.PooledDataSource.forceCloseAll(PooledDataSource.java:316)]
PooledDataSource forcefully closed/removed all connections.
[DEBUG][2017/03/10 20:38:19891][org.apache.ibatis.datasource.pooled.PooledDataSource.forceCloseAll(PooledDataSource.java:316)]
PooledDataSource forcefully closed/removed all connections.
[DEBUG][2017/03/10 20:38:2080 ][org.apache.ibatis.transaction.jdbc.JdbcTransaction.openConnection(JdbcTransaction.java:138)]
Opening JDBC Connection
[DEBUG][2017/03/10 20:38:21646][org.apache.ibatis.datasource.pooled.PooledDataSource.popConnection(PooledDataSource.java:387)]
Created connection 1971851377.
[DEBUG][2017/03/10 20:38:21647][org.apache.ibatis.transaction.jdbc.JdbcTransaction.setDesiredAutoCommit(JdbcTransaction.java:102)]
Setting autocommit to false on JDBC Connection [oracle.jdbc.driver.T4CConnection@75881071]
[DEBUG][2017/03/10 20:38:21652][org.apache.ibatis.logging.jdbc.BaseJdbcLogger.debug(BaseJdbcLogger.java:145)]
==>  Preparing: DELETE FROM tb_employee WHERE (loginname = ? AND password = ?) 
[DEBUG][2017/03/10 20:38:21967][org.apache.ibatis.logging.jdbc.BaseJdbcLogger.debug(BaseJdbcLogger.java:145)]
==> Parameters: jack(String), 123456(String)
[DEBUG][2017/03/10 20:38:21975][org.apache.ibatis.logging.jdbc.BaseJdbcLogger.debug(BaseJdbcLogger.java:145)]
<==    Updates: 0
[DEBUG][2017/03/10 20:38:21976][org.apache.ibatis.transaction.jdbc.JdbcTransaction.commit(JdbcTransaction.java:71)]
Committing JDBC Connection [oracle.jdbc.driver.T4CConnection@75881071]
[DEBUG][2017/03/10 20:38:21977][org.apache.ibatis.transaction.jdbc.JdbcTransaction.resetAutoCommit(JdbcTransaction.java:124)]
Resetting autocommit to true on JDBC Connection [oracle.jdbc.driver.T4CConnection@75881071]
[DEBUG][2017/03/10 20:38:21978][org.apache.ibatis.transaction.jdbc.JdbcTransaction.close(JdbcTransaction.java:92)]
Closing JDBC Connection [oracle.jdbc.driver.T4CConnection@75881071]
[DEBUG][2017/03/10 20:38:21978][org.apache.ibatis.datasource.pooled.PooledDataSource.pushConnection(PooledDataSource.java:344)]
Returned connection 1971851377 to pool.
[DEBUG][2017/03/10 20:38:47536][org.apache.ibatis.logging.LogFactory.setImplementation(LogFactory.java:135)]
Logging initialized using 'class org.apache.ibatis.logging.slf4j.Slf4jImpl' adapter.
[DEBUG][2017/03/10 20:38:47850][org.apache.ibatis.datasource.pooled.PooledDataSource.forceCloseAll(PooledDataSource.java:316)]
PooledDataSource forcefully closed/removed all connections.
[DEBUG][2017/03/10 20:38:47851][org.apache.ibatis.datasource.pooled.PooledDataSource.forceCloseAll(PooledDataSource.java:316)]
PooledDataSource forcefully closed/removed all connections.
[DEBUG][2017/03/10 20:38:47852][org.apache.ibatis.datasource.pooled.PooledDataSource.forceCloseAll(PooledDataSource.java:316)]
PooledDataSource forcefully closed/removed all connections.
[DEBUG][2017/03/10 20:38:47853][org.apache.ibatis.datasource.pooled.PooledDataSource.forceCloseAll(PooledDataSource.java:316)]
PooledDataSource forcefully closed/removed all connections.
[DEBUG][2017/03/10 20:38:4837 ][org.apache.ibatis.transaction.jdbc.JdbcTransaction.openConnection(JdbcTransaction.java:138)]
Opening JDBC Connection
[DEBUG][2017/03/10 20:38:49713][org.apache.ibatis.datasource.pooled.PooledDataSource.popConnection(PooledDataSource.java:387)]
Created connection 1971851377.
[DEBUG][2017/03/10 20:38:49714][org.apache.ibatis.transaction.jdbc.JdbcTransaction.setDesiredAutoCommit(JdbcTransaction.java:102)]
Setting autocommit to false on JDBC Connection [oracle.jdbc.driver.T4CConnection@75881071]
[DEBUG][2017/03/10 20:38:49717][org.apache.ibatis.logging.jdbc.BaseJdbcLogger.debug(BaseJdbcLogger.java:145)]
==>  Preparing: DELETE FROM tb_employee WHERE (loginname = ? AND password = ?) 
[DEBUG][2017/03/10 20:38:49964][org.apache.ibatis.logging.jdbc.BaseJdbcLogger.debug(BaseJdbcLogger.java:145)]
==> Parameters: jack(String), 123456(String)
[DEBUG][2017/03/10 20:38:49975][org.apache.ibatis.logging.jdbc.BaseJdbcLogger.debug(BaseJdbcLogger.java:145)]
<==    Updates: 1
[DEBUG][2017/03/10 20:38:49975][org.apache.ibatis.transaction.jdbc.JdbcTransaction.commit(JdbcTransaction.java:71)]
Committing JDBC Connection [oracle.jdbc.driver.T4CConnection@75881071]
[DEBUG][2017/03/10 20:38:49977][org.apache.ibatis.transaction.jdbc.JdbcTransaction.resetAutoCommit(JdbcTransaction.java:124)]
Resetting autocommit to true on JDBC Connection [oracle.jdbc.driver.T4CConnection@75881071]
[DEBUG][2017/03/10 20:38:49979][org.apache.ibatis.transaction.jdbc.JdbcTransaction.close(JdbcTransaction.java:92)]
Closing JDBC Connection [oracle.jdbc.driver.T4CConnection@75881071]
[DEBUG][2017/03/10 20:38:49979][org.apache.ibatis.datasource.pooled.PooledDataSource.pushConnection(PooledDataSource.java:344)]
Returned connection 1971851377 to pool.
